<?xml version="1.0" encoding="UTF-8"?>
<!-- Generated by org.testng.reporters.JUnitReportReporter -->
<testsuite hostname="DESKTOP-88A1DLB" failures="0" tests="1" name="api.post.test.CreatePostTest" time="0.886" errors="0" timestamp="2024-05-26T13:42:51 WIB" skipped="0">
  <testcase classname="api.post.test.CreatePostTest" name="testPostPost" time="0.886"/>
  <system-out/>
</testsuite> <!-- api.post.test.CreatePostTest -->
