<?xml version="1.0" encoding="UTF-8"?>
<!-- Generated by org.testng.reporters.JUnitReportReporter -->
<testsuite hostname="DESKTOP-88A1DLB" failures="0" tests="1" name="api.test.AuthenticationsTest" time="3.656" errors="0" timestamp="2024-05-25T17:35:49 WIB" skipped="0">
  <testcase classname="api.test.AuthenticationsTest" name="testBearerTokenAuthentication" time="3.656"/>
  <system-out/>
</testsuite> <!-- api.test.AuthenticationsTest -->
