<?xml version="1.0" encoding="UTF-8"?>
<!-- Generated by org.testng.reporters.JUnitReportReporter -->
<testsuite hostname="DESKTOP-88A1DLB" failures="0" tests="1" name="api.test.GetUserTest" time="4.131" errors="0" timestamp="2024-05-25T14:39:06 WIB" skipped="0">
  <testcase classname="api.test.GetUserTest" name="testGettUser" time="4.131"/>
  <system-out/>
</testsuite> <!-- api.test.GetUserTest -->
