<?xml version="1.0" encoding="UTF-8"?>
<!-- Generated by org.testng.reporters.JUnitReportReporter -->
<testsuite hostname="DESKTOP-88A1DLB" failures="0" tests="1" name="api.test.PostUserTest" time="4.720" errors="0" timestamp="2024-05-25T14:08:53 WIB" skipped="0">
  <testcase classname="api.test.PostUserTest" name="testPostUser" time="4.720"/>
  <system-out/>
</testsuite> <!-- api.test.PostUserTest -->
