<?xml version="1.0" encoding="UTF-8"?>
<!-- Generated by org.testng.reporters.JUnitReportReporter -->
<testsuite hostname="DESKTOP-88A1DLB" failures="0" tests="1" name="api.test.CreateUserTest" time="4.498" errors="0" timestamp="2024-05-25T15:36:20 WIB" skipped="0">
  <testcase classname="api.test.CreateUserTest" name="testPostUser" time="4.498"/>
  <system-out/>
</testsuite> <!-- api.test.CreateUserTest -->
