<?xml version="1.0" encoding="UTF-8"?>
<!-- Generated by org.testng.reporters.JUnitReportReporter -->
<testsuite hostname="DESKTOP-88A1DLB" failures="0" tests="1" name="api.comment.test.AuthenticationsCommentTest" time="0.890" errors="0" timestamp="2024-05-26T13:42:51 WIB" skipped="0">
  <testcase classname="api.comment.test.AuthenticationsCommentTest" name="testBearerTokenAuthenticationComment" time="0.890"/>
  <system-out/>
</testsuite> <!-- api.comment.test.AuthenticationsCommentTest -->
