<?xml version="1.0" encoding="UTF-8"?>
<!-- Generated by org.testng.reporters.JUnitReportReporter -->
<testsuite hostname="DESKTOP-88A1DLB" failures="0" tests="1" name="api.test.DeleteUserTest" time="0.869" errors="0" timestamp="2024-05-25T15:36:20 WIB" skipped="0">
  <testcase classname="api.test.DeleteUserTest" name="testDeletetUser" time="0.869"/>
  <system-out/>
</testsuite> <!-- api.test.DeleteUserTest -->
